{"level":"info","message":{"body":{"email":"avanishkumar30@gmail.com","password":"avanishKumar30","username":"avanishkumar30"},"method":"POST","params":{},"query":{},"timestamp":"2025-06-21T11:54:35.964Z","url":"/api/v1/auth/signup"}}
{"level":"info","message":{"body":{"message":"My first vibe!","mood":"Happy"},"method":"POST","params":{},"query":{},"timestamp":"2025-06-21T12:02:19.741Z","url":"/api/v1/vibes"}}
{"level":"info","message":{"method":"POST","params":{},"query":{},"timestamp":"2025-06-21T12:07:40.285Z","url":"/api/v1/auth/signup"}}
{"level":"info","message":{"body":{"email":"avanishkumar31@gmail.com","password":"avanishkumar31","username":"avanishkumar31"},"method":"POST","params":{},"query":{},"timestamp":"2025-06-21T12:08:58.544Z","url":"/api/v1/auth/signup"}}
{"level":"info","message":{"body":{"email":"avanishkumar30@gmail.com","password":"avanishkumar30"},"method":"POST","params":{},"query":{},"timestamp":"2025-06-21T12:17:51.591Z","url":"/api/v1/auth/login"}}
{"level":"info","message":{"body":{"email":"avanishkumar30@gmail.com","password":"avanishKumar30"},"method":"POST","params":{},"query":{},"timestamp":"2025-06-21T12:20:23.564Z","url":"/api/v1/auth/login"}}
{"level":"info","message":{"body":{"email":"avanishkumar31@gmail.com","password":"avanishKumar31"},"method":"POST","params":{},"query":{},"timestamp":"2025-06-21T12:21:41.916Z","url":"/api/v1/auth/login"}}
{"level":"info","message":{"body":{"email":"avanishkumar31@gmail.com","password":"avanishkumar31"},"method":"POST","params":{},"query":{},"timestamp":"2025-06-21T12:21:48.672Z","url":"/api/v1/auth/login"}}
{"level":"info","message":{"method":"PUT","params":{},"query":{},"timestamp":"2025-06-21T12:23:46.949Z","url":"/api/v1/vibes/%3Cvibe-id%3E/like"}}
{"level":"info","message":{"method":"PUT","params":{},"query":{},"timestamp":"2025-06-21T12:24:53.847Z","url":"/api/v1/vibes/%3Cvibe-id%3E/like"}}
{"level":"info","message":{"method":"PUT","params":{},"query":{},"timestamp":"2025-06-21T12:26:29.325Z","url":"/api/v1/vibes/%3Cvibe-id%3E/like"}}
{"level":"info","message":{"method":"PUT","params":{},"query":{},"timestamp":"2025-06-21T12:26:54.942Z","url":"/api/v1/vibes/%3Cvibe-id%3E/like"}}
{"level":"info","message":{"method":"PUT","params":{},"query":{},"timestamp":"2025-06-21T12:29:54.740Z","url":"/api/v1/vibes/68569f4b1af2b55947b1b79e/like"}}
{"level":"info","message":{"method":"PUT","params":{},"query":{},"timestamp":"2025-06-21T12:34:59.583Z","url":"/api/v1/vibes/6856a0da1af2b55947b1b7a2/like"}}
{"level":"info","message":{"method":"PUT","params":{},"query":{},"timestamp":"2025-06-21T12:35:21.754Z","url":"/api/v1/vibes/6856a0da1af2b55947b1b7a2/like"}}
{"level":"info","message":{"method":"PUT","params":{},"query":{},"timestamp":"2025-06-21T12:54:53.085Z","url":"/api/v1/vibes/6856a0da1af2b55947b1b7a2like"}}
{"level":"info","message":{"method":"PUT","params":{},"query":{},"timestamp":"2025-06-21T12:55:49.805Z","url":"/api/v1/vibes/6856a0da1af2b55947b1b7a2/like"}}
{"level":"info","message":{"method":"PUT","params":{},"query":{},"timestamp":"2025-06-21T12:56:58.826Z","url":"/api/v1/vibes/6856a0da1af2b55947b1b7a2/like"}}
{"level":"info","message":{"method":"PUT","params":{},"query":{},"timestamp":"2025-06-21T12:58:37.588Z","url":"/api/v1/vibes/68569f4b1af2b55947b1b79e/like"}}
{"level":"info","message":{"body":{"text":"Happy to see"},"method":"POST","params":{},"query":{},"timestamp":"2025-06-21T13:03:56.449Z","url":"/api/v1/vibes/68569f4b1af2b55947b1b79e/comments"}}
{"level":"info","message":{"method":"POST","params":{},"query":{},"timestamp":"2025-06-21T13:09:53.669Z","url":"/api/v1/vibes/%3CVibeID%3E/comments"}}
{"level":"info","message":{"method":"GET","params":{},"query":{},"timestamp":"2025-06-21T13:09:59.099Z","url":"/api/v1/vibes/%3CVibeID%3E/comments"}}
{"level":"info","message":{"method":"GET","params":{},"query":{},"timestamp":"2025-06-21T13:10:33.814Z","url":"/api/v1/vibes/6856813eabf0c2a9ac9fef0c/comments"}}
{"level":"info","message":{"method":"GET","params":{},"query":{},"timestamp":"2025-06-21T13:11:14.442Z","url":"/api/v1/vibes/68569f4b1af2b55947b1b79e/comments"}}
{"level":"info","message":{"method":"POST","params":{},"query":{},"timestamp":"2025-06-21T13:18:25.408Z","url":"/api/v1/users/68569d7c1af2b55947b1b79c/follow"}}
{"level":"info","message":{"body":{"message":"Putting an other vibe","mood":"Another Vibe"},"method":"POST","params":{},"query":{},"timestamp":"2025-06-21T13:26:59.982Z","url":"/api/v1/vibes"}}
{"level":"info","message":{"method":"GET","params":{},"query":{},"timestamp":"2025-06-21T13:30:27.795Z","url":"/api/v1/feed"}}
{"level":"info","message":{"method":"GET","params":{},"query":{},"timestamp":"2025-06-21T13:31:40.074Z","url":"/api/v1/feed"}}
{"level":"info","message":{"method":"GET","params":{},"query":{},"timestamp":"2025-06-21T13:31:44.518Z","url":"/api/v1/feed"}}
{"level":"info","message":{"method":"GET","params":{},"query":{},"timestamp":"2025-06-21T13:31:56.352Z","url":"/api/v1/feed"}}
{"level":"info","message":{"method":"GET","params":{},"query":{},"timestamp":"2025-06-21T13:32:46.497Z","url":"/api/v1/feed"}}
{"level":"info","message":{"method":"GET","params":{},"query":{},"timestamp":"2025-06-21T13:34:08.088Z","url":"/api/v1/feed"}}
{"level":"info","message":{"method":"GET","params":{},"query":{},"timestamp":"2025-06-21T13:34:30.440Z","url":"/api/v1/feed"}}
{"level":"info","message":{"method":"GET","params":{},"query":{},"timestamp":"2025-06-21T13:35:11.962Z","url":"/api/v1/feed"}}
{"level":"info","message":{"method":"GET","params":{},"query":{},"timestamp":"2025-06-21T13:39:29.771Z","url":"/api/v1/feed"}}
{"level":"info","message":{"method":"GET","params":{},"query":{},"timestamp":"2025-06-21T13:40:06.730Z","url":"/api/v1/feed"}}
{"level":"info","message":{"method":"GET","params":{},"query":{},"timestamp":"2025-06-21T13:40:55.485Z","url":"/api/v1/feed"}}
{"level":"info","message":{"method":"GET","params":{},"query":{},"timestamp":"2025-06-21T13:41:28.244Z","url":"/api/v1/feed"}}
{"level":"info","message":{"method":"GET","params":{},"query":{},"timestamp":"2025-06-21T13:42:05.128Z","url":"/api/v1/feed"}}
{"level":"info","message":{"method":"GET","params":{},"query":{},"timestamp":"2025-06-21T13:50:21.729Z","url":"/api/v1/users/feed"}}
{"level":"info","message":{"method":"GET","params":{},"query":{},"timestamp":"2025-06-21T13:50:27.216Z","url":"/api/v1/users/feed"}}
{"level":"info","message":{"method":"GET","params":{},"query":{},"timestamp":"2025-06-21T13:51:33.230Z","url":"/api/v1/users/feed"}}
{"level":"info","message":{"method":"GET","params":{},"query":{},"timestamp":"2025-06-21T13:52:30.745Z","url":"/api/v1/users/feed"}}
{"level":"info","message":{"method":"GET","params":{},"query":{},"timestamp":"2025-06-21T13:53:13.941Z","url":"/api/v1/users/feed"}}
{"level":"info","message":{"method":"GET","params":{},"query":{},"timestamp":"2025-06-21T13:53:48.571Z","url":"/api/v1/users/feed"}}
{"level":"info","message":{"method":"GET","params":{},"query":{},"timestamp":"2025-06-21T13:54:45.038Z","url":"/api/v1/users/feed"}}
{"level":"info","message":{"method":"GET","params":{},"query":{},"timestamp":"2025-06-21T13:56:07.045Z","url":"/api/v1/users/feed"}}
{"level":"info","message":{"method":"GET","params":{},"query":{},"timestamp":"2025-06-21T13:56:25.097Z","url":"/api/v1/users/feed"}}
{"level":"info","message":{"method":"GET","params":{},"query":{},"timestamp":"2025-06-21T13:56:54.833Z","url":"/api/v1/users/feed"}}
{"level":"info","message":{"method":"GET","params":{},"query":{},"timestamp":"2025-06-21T13:58:22.733Z","url":"/api/v1/users/feed"}}
{"level":"info","message":{"method":"GET","params":{},"query":{},"timestamp":"2025-06-21T13:58:28.693Z","url":"/api/v1/users/feed"}}
{"level":"info","message":{"method":"GET","params":{},"query":{},"timestamp":"2025-06-21T14:00:05.152Z","url":"/api/v1/users/feed"}}
{"level":"info","message":{"method":"GET","params":{},"query":{},"timestamp":"2025-06-21T14:00:12.979Z","url":"/api/v1/users/feed"}}
{"level":"info","message":{"body":{"email":"avanishkumar30@gmail.com","password":"avanishKumar30"},"method":"POST","params":{},"query":{},"timestamp":"2025-06-21T14:01:24.754Z","url":"/api/v1/auth/login"}}
{"level":"info","message":{"body":{"email":"avanishkumar31@gmail.com","password":"avanishkumar31"},"method":"POST","params":{},"query":{},"timestamp":"2025-06-21T14:01:31.472Z","url":"/api/v1/auth/login"}}
{"level":"info","message":{"method":"GET","params":{},"query":{},"timestamp":"2025-06-21T14:01:55.525Z","url":"/api/v1/users/feed"}}
{"level":"info","message":{"method":"GET","params":{},"query":{},"timestamp":"2025-06-21T14:02:30.149Z","url":"/api/v1/users/feed"}}
{"level":"info","message":{"method":"GET","params":{},"query":{},"timestamp":"2025-06-21T18:51:00.726Z","url":"/api/v1/users/feed"}}
{"level":"info","message":{"method":"GET","params":{},"query":{},"timestamp":"2025-06-21T18:51:02.541Z","url":"/api/v1/users/feed"}}
{"level":"info","message":{"body":{"email":"user.a@gmail.com","password":"usera123","username":"User A"},"method":"POST","params":{},"query":{},"timestamp":"2025-06-21T18:54:29.391Z","url":"/api/v1/auth/signup"}}
{"level":"info","message":{"body":{"email":"avanishkumar30@gmail.com","password":"avanishkumar30","username":"avanishkumar30"},"method":"POST","params":{},"query":{},"timestamp":"2025-06-21T18:58:37.727Z","url":"/api/v1/auth/signup"}}
{"level":"info","message":{"body":{"email":"avanishkumar30@gmail.com","password":"avanishKumar30"},"method":"POST","params":{},"query":{},"timestamp":"2025-06-21T18:59:30.130Z","url":"/api/v1/auth/login"}}
{"level":"info","message":{"method":"GET","params":{},"query":{},"timestamp":"2025-06-21T19:00:47.274Z","url":"/api/v1/users/feed"}}
{"level":"info","message":{"body":{"email":"avanishkumar31@gmail.com","password":"avanishkumar31"},"method":"POST","params":{},"query":{},"timestamp":"2025-06-21T19:00:56.825Z","url":"/api/v1/auth/login"}}
{"level":"info","message":{"method":"GET","params":{},"query":{},"timestamp":"2025-06-21T19:01:22.404Z","url":"/api/v1/users/feed"}}
{"level":"info","message":{"method":"GET","params":{},"query":{},"timestamp":"2025-06-21T19:01:38.671Z","url":"/api/v1/users/feed"}}
{"level":"info","message":{"body":{"email":"avanishkumar30@gmail.com","password":"avanishKumar30","username":"avanishkumar30"},"method":"POST","params":{},"query":{},"timestamp":"2025-06-21T19:03:13.171Z","url":"/api/v1/auth/signup"}}
{"level":"info","message":{"body":{"email":"avanishkumar31@gmail.com","password":"avanishkumar31","username":"avanishkumar31"},"method":"POST","params":{},"query":{},"timestamp":"2025-06-21T19:03:19.176Z","url":"/api/v1/auth/signup"}}
{"level":"info","message":{"method":"GET","params":{},"query":{},"timestamp":"2025-06-21T19:09:56.204Z","url":"//api/v1/users/feed"}}
{"level":"info","message":{"body":{"email":"avanishkumar30@gmail.com","password":"avanishKumar30"},"method":"POST","params":{},"query":{},"timestamp":"2025-06-21T19:10:08.385Z","url":"/api/v1/auth/login"}}
{"level":"info","message":{"method":"GET","params":{},"query":{},"timestamp":"2025-06-21T19:10:30.566Z","url":"//api/v1/users/feed"}}
{"level":"info","message":{"body":{"email":"avanishkumar31@gmail.com","password":"avanishkumar31"},"method":"POST","params":{},"query":{},"timestamp":"2025-06-21T19:10:43.161Z","url":"/api/v1/auth/login"}}
{"level":"info","message":{"method":"GET","params":{},"query":{},"timestamp":"2025-06-21T19:11:02.102Z","url":"//api/v1/users/feed"}}
{"level":"info","message":{"method":"GET","params":{},"query":{},"timestamp":"2025-06-21T19:11:11.608Z","url":"/api/v1/users/feed"}}
{"level":"info","message":{"method":"GET","params":{},"query":{},"timestamp":"2025-06-21T19:12:06.407Z","url":"/api/v1/users/feed"}}
{"level":"info","message":{"body":{"email":"avanishkumar31@gmail.com","password":"avanishkumar31"},"method":"POST","params":{},"query":{},"timestamp":"2025-06-21T19:13:20.247Z","url":"/api/v1/auth/login"}}
{"level":"info","message":{"method":"GET","params":{},"query":{},"timestamp":"2025-06-21T19:14:02.824Z","url":"/api/v1/users/feed"}}
{"level":"info","message":{"body":{"email":"avanishkumar30@gmail.com","password":"avanishKumar30"},"method":"POST","params":{},"query":{},"timestamp":"2025-06-21T19:14:12.860Z","url":"/api/v1/auth/login"}}
{"level":"info","message":{"method":"GET","params":{},"query":{},"timestamp":"2025-06-21T19:14:42.725Z","url":"/api/v1/users/feed"}}
{"level":"info","message":{"body":{"email":"usera@gmail.com","password":"usera123","username":"user A"},"method":"GET","params":{},"query":{},"timestamp":"2025-06-21T19:18:02.048Z","url":"/api/v1/auth/signup"}}
{"level":"info","message":{"body":{"email":"usera@gmail.com","password":"usera123","username":"userA"},"method":"GET","params":{},"query":{},"timestamp":"2025-06-21T19:18:13.512Z","url":"/api/v1/auth/signup"}}
{"level":"info","message":{"body":{"email":"usera@gmail.com","password":"usera123","username":"userA"},"method":"POST","params":{},"query":{},"timestamp":"2025-06-21T19:18:20.713Z","url":"/api/v1/auth/signup"}}
{"level":"info","message":{"body":{"email":"userb@gmail.com","password":"userb123","username":"userB"},"method":"POST","params":{},"query":{},"timestamp":"2025-06-21T19:19:33.186Z","url":"/api/v1/auth/signup"}}
{"level":"info","message":{"body":{"email":"usera@gmail.com","password":"usera123"},"method":"POST","params":{},"query":{},"timestamp":"2025-06-21T19:21:51.077Z","url":"/api/v1/auth/login"}}
{"level":"info","message":{"body":{"email":"userb@gmail.com","password":"userb123"},"method":"POST","params":{},"query":{},"timestamp":"2025-06-21T19:22:45.619Z","url":"/api/v1/auth/login"}}
{"level":"info","message":{"method":"POST","params":{},"query":{},"timestamp":"2025-06-21T19:31:10.116Z","url":"/api/v1/users/6857057c0bab5f0fa584b6bf/follow"}}
{"level":"info","message":{"method":"POST","params":{},"query":{},"timestamp":"2025-06-21T19:31:22.267Z","url":"/api/v1/users/6857057c0bab5f0fa584b6bf/follow"}}
{"level":"info","message":{"method":"POST","params":{},"query":{},"timestamp":"2025-06-21T19:31:23.769Z","url":"/api/v1/users/6857057c0bab5f0fa584b6bf/follow"}}
{"level":"info","message":{"method":"POST","params":{},"query":{},"timestamp":"2025-06-21T19:31:41.499Z","url":"/api/v1/users/6857057c0bab5f0fa584b6bf/follow"}}
{"level":"info","message":{"body":{"email":"avanishkumar30@gmail.com","password":"avanishKumar30"},"method":"POST","params":{},"query":{},"timestamp":"2025-06-21T20:01:10.157Z","url":"/api/v1/auth/login"}}
{"level":"info","message":{"method":"GET","params":{},"query":{},"timestamp":"2025-06-21T20:01:35.085Z","url":"/api/v1/users/feed"}}
{"level":"info","message":{"method":"GET","params":{},"query":{},"timestamp":"2025-06-21T20:05:29.447Z","url":"/api/v1/users/feed"}}
{"level":"info","message":{"method":"GET","params":{},"query":{},"timestamp":"2025-06-21T20:05:36.801Z","url":"/api/v1/feed"}}
{"level":"info","message":{"method":"GET","params":{},"query":{},"timestamp":"2025-06-21T20:09:32.435Z","url":"/api/v1/feed"}}
{"level":"info","message":{"body":{"email":"avanishkumar30@gmail.com","password":"avanishKumar30"},"method":"POST","params":{},"query":{},"timestamp":"2025-06-21T20:10:07.099Z","url":"/api/v1/auth/login"}}
{"level":"info","message":{"method":"GET","params":{},"query":{},"timestamp":"2025-06-21T20:10:46.325Z","url":"/api/v1/feed"}}
{"level":"info","message":{"body":{"email":"avanishkumar31@gmail.com","password":"avanishkumar31"},"method":"POST","params":{},"query":{},"timestamp":"2025-06-21T20:11:52.519Z","url":"/api/v1/auth/login"}}
{"level":"info","message":{"method":"GET","params":{},"query":{},"timestamp":"2025-06-21T20:12:15.446Z","url":"/api/v1/feed"}}
{"level":"info","message":{"method":"GET","params":{},"query":{},"timestamp":"2025-06-21T20:12:24.094Z","url":"/api/v1/feed"}}
{"level":"info","message":{"method":"GET","params":{},"query":{},"timestamp":"2025-06-22T12:15:09.240Z","url":"/api/v1/users/feed"}}
{"level":"info","message":{"method":"GET","params":{},"query":{},"timestamp":"2025-06-22T12:15:22.488Z","url":"/api/v1/users/feed"}}
{"level":"info","message":{"method":"GET","params":{},"query":{},"timestamp":"2025-06-22T12:15:29.357Z","url":"/api/v1/users/feed"}}
{"level":"info","message":{"body":{"email":"avanishkumar31@gmail.com","password":"avanishkumar31"},"method":"POST","params":{},"query":{},"timestamp":"2025-06-22T12:15:42.089Z","url":"/api/v1/auth/login"}}
{"level":"info","message":{"method":"GET","params":{},"query":{},"timestamp":"2025-06-22T12:16:19.849Z","url":"/api/v1/users/feed"}}
{"level":"info","message":{"body":{"email":"avanishkumar30@gmail.com","password":"avanishKumar30"},"method":"POST","params":{},"query":{},"timestamp":"2025-06-22T12:16:26.877Z","url":"/api/v1/auth/login"}}
{"level":"info","message":{"method":"GET","params":{},"query":{},"timestamp":"2025-06-22T12:16:53.113Z","url":"/api/v1/users/feed"}}
{"level":"info","message":{"method":"GET","params":{},"query":{},"timestamp":"2025-06-22T12:17:09.347Z","url":"/api/v1/users/feed"}}
{"level":"info","message":{"method":"GET","params":{},"query":{},"timestamp":"2025-06-22T12:17:12.577Z","url":"/api/v1/users/feed"}}
{"level":"info","message":{"body":{"email":"avanishkumar31@gmail.com","password":"avanishkumar31"},"method":"POST","params":{},"query":{},"timestamp":"2025-06-22T12:17:37.788Z","url":"/api/v1/auth/login"}}
{"level":"info","message":{"method":"GET","params":{},"query":{},"timestamp":"2025-06-22T12:18:02.782Z","url":"/api/v1/users/feed"}}
{"level":"info","message":{"method":"GET","params":{},"query":{},"timestamp":"2025-06-22T12:18:16.165Z","url":"/api/v1/users/feed"}}
{"level":"info","message":{"method":"GET","params":{},"query":{},"timestamp":"2025-06-22T12:18:25.996Z","url":"/api/v1/users/feed"}}
{"level":"info","message":{"method":"GET","params":{},"query":{},"timestamp":"2025-06-22T12:18:52.103Z","url":"/api/v1/users/feed"}}
{"level":"info","message":{"body":{"email":"avanishkumar31@gmail.com","password":"avanishkumar31"},"method":"POST","params":{},"query":{},"timestamp":"2025-06-22T12:20:58.356Z","url":"/api/v1/auth/login"}}
{"level":"info","message":{"method":"GET","params":{},"query":{},"timestamp":"2025-06-22T12:21:25.175Z","url":"/api/v1/users/feed"}}
{"level":"info","message":{"method":"GET","params":{},"query":{},"timestamp":"2025-06-22T12:21:49.035Z","url":"/api/v1/feed"}}
{"level":"info","message":{"method":"GET","params":{},"query":{},"timestamp":"2025-06-22T12:22:21.451Z","url":"/api/v1/users/feed"}}
{"level":"info","message":{"method":"GET","params":{},"query":{},"timestamp":"2025-06-22T12:24:16.173Z","url":"/api/v1/users/feed"}}
{"level":"info","message":{"method":"GET","params":{},"query":{},"timestamp":"2025-06-22T12:24:18.003Z","url":"/api/v1/users/feed"}}
{"level":"info","message":{"method":"GET","params":{},"query":{},"timestamp":"2025-06-22T12:25:05.007Z","url":"/api/v1/users/feed"}}
{"level":"info","message":{"method":"GET","params":{},"query":{},"timestamp":"2025-06-22T12:25:11.401Z","url":"/api/v1/users/feed"}}
{"level":"info","message":{"body":{"email":"avanishkumar31@gmail.com","password":"avanishkumar31"},"method":"POST","params":{},"query":{},"timestamp":"2025-06-22T12:25:55.170Z","url":"/api/v1/auth/login"}}
{"level":"info","message":{"method":"GET","params":{},"query":{},"timestamp":"2025-06-22T12:26:22.589Z","url":"/api/v1/users/feed"}}
{"level":"info","message":{"method":"GET","params":{},"query":{},"timestamp":"2025-06-22T15:51:06.670Z","url":"/api/v1/users/feed"}}
{"level":"info","message":{"body":{"email":"avanishkumar31@gmail.com","password":"avanishkumar31"},"method":"POST","params":{},"query":{},"timestamp":"2025-06-22T15:51:13.875Z","url":"/api/v1/auth/login"}}
{"level":"info","message":{"method":"GET","params":{},"query":{},"timestamp":"2025-06-22T15:51:33.903Z","url":"/api/v1/users/feed"}}
{"level":"info","message":{"body":{"email":"avanishkumar@gmail.com","password":"avanishkumar321"},"method":"POST","params":{},"query":{},"timestamp":"2025-06-22T17:49:53.810Z","url":"/api/v1/auth/login%20"}}
{"level":"info","message":{"body":{"email":"avanishkumar@gmail.com","password":"avanishkumar321"},"method":"POST","params":{},"query":{},"timestamp":"2025-06-22T17:50:01.555Z","url":"/api/v1/auth/login%20"}}
{"level":"info","message":{"body":{"email":"avanishkumar@gmail.com","password":"avanishkumar321"},"method":"POST","params":{},"query":{},"timestamp":"2025-06-22T17:50:21.017Z","url":"/api/v1/auth/login%20"}}
{"level":"info","message":{"body":{"email":"avanishkumar@gmail.com","password":"avanishkumar321"},"method":"POST","params":{},"query":{},"timestamp":"2025-06-22T17:50:55.850Z","url":"/api/v1/auth/login"}}
{"level":"info","message":{"body":{"message":"Creating Vibe for deletion","mood":"Panic"},"method":"POST","params":{},"query":{},"timestamp":"2025-06-22T18:26:11.545Z","url":"/api/v1/vibes"}}
{"level":"info","message":{"method":"GET","params":{},"query":{},"timestamp":"2025-06-22T18:28:24.386Z","url":"/api/v1/vibes/6856720e9ef9ba780fbc9901"}}
{"level":"info","message":{"body":{"email":"avanishkumar31@gmail.com","password":"avanishkumar31"},"method":"POST","params":{},"query":{},"timestamp":"2025-06-22T18:32:00.485Z","url":"/api/v1/auth/login"}}
{"level":"info","message":{"body":{"email":"avanishkumar31@gmail.com","password":"avanishkumar31"},"method":"POST","params":{},"query":{},"timestamp":"2025-06-22T18:32:25.617Z","url":"/api/v1/auth/login"}}
{"level":"info","message":{"method":"GET","params":{},"query":{},"timestamp":"2025-06-22T18:33:14.146Z","url":"/api/v1/vibes/68584ac31c44c7ebaad3f4d6"}}
{"level":"info","message":{"method":"GET","params":{},"query":{},"timestamp":"2025-06-22T18:33:16.557Z","url":"/api/v1/vibes/68584ac31c44c7ebaad3f4d6"}}
{"level":"info","message":{"body":{"email":"avanishkumar31@gmail.com","password":"avanishkumar31"},"method":"POST","params":{},"query":{},"timestamp":"2025-06-22T18:33:48.245Z","url":"/api/v1/auth/login"}}
{"level":"info","message":{"method":"GET","params":{},"query":{},"timestamp":"2025-06-22T18:34:20.492Z","url":"/api/v1/vibes/68584ac31c44c7ebaad3f4d6"}}
{"level":"info","message":{"body":{"email":"avanishkumar30@gmail.com","password":"avanishKumar30"},"method":"POST","params":{},"query":{},"timestamp":"2025-06-22T18:35:26.516Z","url":"/api/v1/auth/login"}}
{"level":"info","message":{"body":{"message":"Creating Vibe for deletion","mood":"Panic"},"method":"POST","params":{},"query":{},"timestamp":"2025-06-22T18:36:03.942Z","url":"/api/v1/vibes"}}
{"level":"info","message":{"body":{"email":"avanishkumar31@gmail.com","password":"avanishkumar31"},"method":"POST","params":{},"query":{},"timestamp":"2025-06-22T18:39:27.875Z","url":"/api/v1/auth/login"}}
{"level":"info","message":{"method":"DELETE","params":{},"query":{},"timestamp":"2025-06-22T18:40:11.098Z","url":"/api/v1/vibes/68584d131c44c7ebaad3f4dd"}}
{"level":"info","message":{"method":"DELETE","params":{},"query":{},"timestamp":"2025-06-22T18:42:05.337Z","url":"/api/v1/vibes/68584d131c44c7ebaad3f4dd"}}
{"level":"info","message":{"method":"DELETE","params":{},"query":{},"timestamp":"2025-06-22T18:42:17.360Z","url":"/api/v1/vibes/68584d131c44c7ebaad3f4dd"}}
{"level":"info","message":{"method":"DELETE","params":{},"query":{},"timestamp":"2025-06-22T18:42:26.301Z","url":"/api/v1/vibes/68584d131c44c7ebaad3f4dd"}}
{"level":"info","message":{"body":{"email":"avanishkumar30@gmail.com","password":"avanishKumar30"},"method":"POST","params":{},"query":{},"timestamp":"2025-06-22T18:43:16.072Z","url":"/api/v1/auth/login"}}
{"level":"info","message":{"method":"DELETE","params":{},"query":{},"timestamp":"2025-06-22T18:43:32.980Z","url":"/api/v1/vibes/68584d131c44c7ebaad3f4dd"}}
{"level":"info","message":{"method":"DELETE","params":{},"query":{},"timestamp":"2025-06-22T18:43:35.495Z","url":"/api/v1/vibes/68584d131c44c7ebaad3f4dd"}}
{"level":"info","message":{"method":"DELETE","params":{},"query":{},"timestamp":"2025-06-22T18:44:19.648Z","url":"/api/v1/vibes/68584d131c44c7ebaad3f4dd"}}
{"level":"info","message":{"method":"DELETE","params":{},"query":{},"timestamp":"2025-06-22T18:44:55.205Z","url":"/api/v1/vibes/68584d131c44c7ebaad3f4dd"}}
{"level":"info","message":{"method":"DELETE","params":{},"query":{},"timestamp":"2025-06-22T18:44:57.620Z","url":"/api/v1/vibes/68584d131c44c7ebaad3f4dd"}}
{"level":"info","message":{"method":"DELETE","params":{},"query":{},"timestamp":"2025-06-22T18:45:06.990Z","url":"/api/v1/vibes/68584d131c44c7ebaad3f4dd"}}
{"level":"info","message":{"method":"DELETE","params":{},"query":{},"timestamp":"2025-06-22T19:18:03.896Z","url":"/api/v1/vibes/68584d131c44c7ebaad3f4dd"}}
{"level":"info","message":{"method":"GET","params":{},"query":{},"timestamp":"2025-06-22T19:35:19.976Z","url":"/api/v1/vibes/123"}}
{"level":"info","message":{"method":"GET","params":{},"query":{},"timestamp":"2025-06-22T19:45:24.480Z","url":"/api/v1/vibes"}}
{"level":"info","message":{"method":"GET","params":{},"query":{"limit":"2"},"timestamp":"2025-06-22T19:46:37.815Z","url":"/api/v1/vibes?limit=2"}}
{"level":"info","message":{"method":"GET","params":{},"query":{"limit":"2","page":"2"},"timestamp":"2025-06-22T19:52:13.943Z","url":"/api/v1/vibes?limit=2&page=2"}}
{"level":"info","message":{"method":"GET","params":{},"query":{"limit":"2"},"timestamp":"2025-06-22T19:52:59.427Z","url":"/api/v1/vibes?limit=2"}}
{"level":"info","message":{"method":"GET","params":{},"query":{"limit":"2"},"timestamp":"2025-06-22T19:54:15.090Z","url":"/api/v1/vibes?limit=2"}}
{"level":"info","message":{"method":"GET","params":{},"query":{},"timestamp":"2025-06-22T19:54:27.816Z","url":"/api/v1/vibes/123"}}
{"level":"info","message":{"method":"GET","params":{},"query":{"limit":"2","page":"2"},"timestamp":"2025-06-22T19:55:03.848Z","url":"/api/v1/vibes?limit=2&page=2"}}
